Using pre-set license
Built from '2020.3/staging' branch; Version is '2020.3.25f1 (9b9180224418) revision 10195328'; Using compiler version '192528614'; Build Type 'Release'
OS: 'Windows 10  (10.0.19044) 64bit CoreSingleLanguage' Language: 'en' Physical Memory: 8043 MB
BatchMode: 1, IsHumanControllingUs: 0, StartBugReporterOnCrash: 0, Is64bit: 1, IsPro: 0

COMMAND LINE ARGUMENTS:
E:\Unity\UnityEditor\2020.3.25f1\Editor\Unity.exe
-adb2
-batchMode
-noUpm
-name
AssetImportWorker0
-projectPath
D:/FPTU Materials/Ky6_SPR22/PRU/Final project
-logFile
Logs/AssetImportWorker0.log
-srvPort
56866
Successfully changed project path to: D:/FPTU Materials/Ky6_SPR22/PRU/Final project
D:/FPTU Materials/Ky6_SPR22/PRU/Final project
Using Asset Import Pipeline V2.
Refreshing native plugins compatible for Editor in 45.69 ms, found 3 plugins.
Preloading 0 native plugins for Editor in 0.00 ms.
Initialize engine version: 2020.3.25f1 (9b9180224418)
[Subsystems] Discovering subsystems at path E:/Unity/UnityEditor/2020.3.25f1/Editor/Data/Resources/UnitySubsystems
[Subsystems] Discovering subsystems at path D:/FPTU Materials/Ky6_SPR22/PRU/Final project/Assets
GfxDevice: creating device client; threaded=0
Direct3D:
    Version:  Direct3D 11.0 [level 11.1]
    Renderer: NVIDIA GeForce MX250 (ID=0x1d13)
    Vendor:   
    VRAM:     1983 MB
    Driver:   27.21.14.6259
Initialize mono
Mono path[0] = 'E:/Unity/UnityEditor/2020.3.25f1/Editor/Data/Managed'
Mono path[1] = 'E:/Unity/UnityEditor/2020.3.25f1/Editor/Data/MonoBleedingEdge/lib/mono/unityjit'
Mono config path = 'E:/Unity/UnityEditor/2020.3.25f1/Editor/Data/MonoBleedingEdge/etc'
Using monoOptions --debugger-agent=transport=dt_socket,embedding=1,server=y,suspend=n,address=127.0.0.1:56032
Begin MonoManager ReloadAssembly
Registering precompiled unity dll's ...
Register platform support module: E:/Unity/UnityEditor/2020.3.25f1/Editor/Data/PlaybackEngines/WindowsStandaloneSupport/UnityEditor.WindowsStandalone.Extensions.dll
Registered in 0.000995 seconds.
Native extension for WindowsStandalone target not found
Refreshing native plugins compatible for Editor in 72.00 ms, found 3 plugins.
Preloading 0 native plugins for Editor in 0.00 ms.
Mono: successfully reloaded assembly
- Completed reload, in  0.736 seconds
Domain Reload Profiling:
	ReloadAssembly (736ms)
		BeginReloadAssembly (50ms)
			ExecutionOrderSort (0ms)
			DisableScriptedObjects (0ms)
			BackupInstance (0ms)
			ReleaseScriptingObjects (0ms)
			CreateAndSetChildDomain (1ms)
		EndReloadAssembly (619ms)
			LoadAssemblies (49ms)
			RebuildTransferFunctionScriptingTraits (0ms)
			SetupTypeCache (166ms)
			ReleaseScriptCaches (0ms)
			RebuildScriptCaches (50ms)
			SetupLoadedEditorAssemblies (284ms)
				LogAssemblyErrors (0ms)
				InitializePlatformSupportModulesInManaged (6ms)
				SetLoadedEditorAssemblies (0ms)
				RefreshPlugins (72ms)
				BeforeProcessingInitializeOnLoad (25ms)
				ProcessInitializeOnLoadAttributes (138ms)
				ProcessInitializeOnLoadMethodAttributes (42ms)
				AfterProcessingInitializeOnLoad (0ms)
				EditorAssembliesLoaded (0ms)
			ExecutionOrderSort2 (0ms)
			AwakeInstancesAfterBackupRestoration (0ms)
Platform modules already initialized, skipping
Registering precompiled user dll's ...
Registered in 0.005182 seconds.
Begin MonoManager ReloadAssembly
Native extension for WindowsStandalone target not found
Refreshing native plugins compatible for Editor in 63.87 ms, found 3 plugins.
Preloading 0 native plugins for Editor in 0.00 ms.
Mono: successfully reloaded assembly
- Completed reload, in  1.594 seconds
Domain Reload Profiling:
	ReloadAssembly (1595ms)
		BeginReloadAssembly (194ms)
			ExecutionOrderSort (0ms)
			DisableScriptedObjects (6ms)
			BackupInstance (0ms)
			ReleaseScriptingObjects (0ms)
			CreateAndSetChildDomain (24ms)
		EndReloadAssembly (1320ms)
			LoadAssemblies (117ms)
			RebuildTransferFunctionScriptingTraits (0ms)
			SetupTypeCache (480ms)
			ReleaseScriptCaches (1ms)
			RebuildScriptCaches (69ms)
			SetupLoadedEditorAssemblies (464ms)
				LogAssemblyErrors (0ms)
				InitializePlatformSupportModulesInManaged (3ms)
				SetLoadedEditorAssemblies (0ms)
				RefreshPlugins (64ms)
				BeforeProcessingInitializeOnLoad (102ms)
				ProcessInitializeOnLoadAttributes (267ms)
				ProcessInitializeOnLoadMethodAttributes (24ms)
				AfterProcessingInitializeOnLoad (3ms)
				EditorAssembliesLoaded (0ms)
			ExecutionOrderSort2 (0ms)
			AwakeInstancesAfterBackupRestoration (9ms)
Platform modules already initialized, skipping
========================================================================
Worker process is ready to serve import requests
Launched and connected shader compiler UnityShaderCompiler.exe after 0.07 seconds
Refreshing native plugins compatible for Editor in 0.45 ms, found 3 plugins.
Preloading 0 native plugins for Editor in 0.00 ms.
Unloading 2194 Unused Serialized files (Serialized files now loaded: 0)
System memory in use before: 95.8 MB.
System memory in use after: 95.9 MB.

Unloading 28 unused Assets to reduce memory usage. Loaded Objects now: 2627.
Total: 3.265300 ms (FindLiveObjects: 0.203800 ms CreateObjectMapping: 0.081500 ms MarkObjects: 2.914100 ms  DeleteObjects: 0.064900 ms)

AssetImportParameters requested are different than current active one (requested -> active):
  custom:framework-win-MediaFoundation: 216162199b28c13a410421893ffa2e32 -> 
  custom:video-decoder-ogg-theora: a1e56fd34408186e4bbccfd4996cb3dc -> 
  custom:container-muxer-webm: aa71ff27fc2769a1b78a27578f13a17b -> 
  custom:container-demuxer-webm: 4f35f7cbe854078d1ac9338744f61a02 -> 
  custom:container-demuxer-ogg: 62fdf1f143b41e24485cea50d1cbac27 -> 
  custom:video-encoder-webm-vp8: eb34c28f22e8b96e1ab97ce403110664 -> 
  custom:video-decoder-webm-vp8: 9c59270c3fd7afecdb556c50c9e8de78 -> 
  custom:audio-decoder-ogg-vorbis: bf7c407c2cedff20999df2af8eb42d56 -> 
  custom:audio-encoder-webm-vorbis: bf7c407c2cedff20999df2af8eb42d56 -> 
========================================================================
Received Import Request.
  path: Assets
  artifactKey: Guid(00000000000000001000000000000000) Importer(815301076,1909f56bfc062723c751e8b465ee728b)
Start importing Assets using Guid(00000000000000001000000000000000) Importer(815301076,1909f56bfc062723c751e8b465ee728b)  -> (artifact id: '42d402b061de3733987d63b9cc3b64de') in 0.011660 seconds 
  Import took 0.015354 seconds .

========================================================================
Received Import Request.
  Time since last request: 0.393266 seconds.
  path: Assets/Sprite
  artifactKey: Guid(9b8d962fb24a7d84d98f73145504faf4) Importer(815301076,1909f56bfc062723c751e8b465ee728b)
Start importing Assets/Sprite using Guid(9b8d962fb24a7d84d98f73145504faf4) Importer(815301076,1909f56bfc062723c751e8b465ee728b)  -> (artifact id: '95e0f49464bbc846268fa94ec605afe5') in 0.011530 seconds 
  Import took 0.016417 seconds .

========================================================================
Received Import Request.
  Time since last request: 7.391401 seconds.
  path: Assets/Script
  artifactKey: Guid(001793d25bf62e240baa3db0186c8cfe) Importer(815301076,1909f56bfc062723c751e8b465ee728b)
Start importing Assets/Script using Guid(001793d25bf62e240baa3db0186c8cfe) Importer(815301076,1909f56bfc062723c751e8b465ee728b)  -> (artifact id: '069f01f434efb2757690975e0309e8e3') in 0.012021 seconds 
  Import took 0.016522 seconds .

========================================================================
Received Import Request.
  Time since last request: 5.168890 seconds.
  path: Assets/Prefab
  artifactKey: Guid(1335090a8a01d954b85a1c3f49a67acf) Importer(815301076,1909f56bfc062723c751e8b465ee728b)
Start importing Assets/Prefab using Guid(1335090a8a01d954b85a1c3f49a67acf) Importer(815301076,1909f56bfc062723c751e8b465ee728b)  -> (artifact id: 'ef93549b5c854be4335b07725ec0c9e6') in 0.014675 seconds 
  Import took 0.021816 seconds .

========================================================================
Received Import Request.
  Time since last request: 7.300955 seconds.
  path: Assets/Animation
  artifactKey: Guid(abb86fdd4786f3a4e8a685ec0848abab) Importer(815301076,1909f56bfc062723c751e8b465ee728b)
Start importing Assets/Animation using Guid(abb86fdd4786f3a4e8a685ec0848abab) Importer(815301076,1909f56bfc062723c751e8b465ee728b)  -> (artifact id: '6ee670affc0ff6731e166d6b7fea0108') in 0.006377 seconds 
  Import took 0.012477 seconds .

========================================================================
Received Import Request.
  Time since last request: 12.682336 seconds.
  path: Assets/Sound
  artifactKey: Guid(5cd34c4022f05f24f94e61cf963a6db5) Importer(815301076,1909f56bfc062723c751e8b465ee728b)
Start importing Assets/Sound using Guid(5cd34c4022f05f24f94e61cf963a6db5) Importer(815301076,1909f56bfc062723c751e8b465ee728b)  -> (artifact id: 'c49445b40becedc252f1cc4a844d204f') in 0.006058 seconds 
  Import took 0.013478 seconds .

========================================================================
Received Import Request.
  Time since last request: 17.238606 seconds.
  path: Assets/Resource
  artifactKey: Guid(579ffea33818a854db128f6fd3d8de1a) Importer(815301076,1909f56bfc062723c751e8b465ee728b)
Start importing Assets/Resource using Guid(579ffea33818a854db128f6fd3d8de1a) Importer(815301076,1909f56bfc062723c751e8b465ee728b)  -> (artifact id: '3e5c7df3b7b18b33b2b1e3040dd6b52f') in 0.005576 seconds 
  Import took 0.010639 seconds .

========================================================================
Received Import Request.
  Time since last request: 33.803146 seconds.
  path: Assets/Sounds
  artifactKey: Guid(5cd34c4022f05f24f94e61cf963a6db5) Importer(815301076,1909f56bfc062723c751e8b465ee728b)
Start importing Assets/Sounds using Guid(5cd34c4022f05f24f94e61cf963a6db5) Importer(815301076,1909f56bfc062723c751e8b465ee728b)  -> (artifact id: '830234b345ebdb19738434bd0b3da389') in 0.006236 seconds 
  Import took 0.010034 seconds .

========================================================================
Received Import Request.
  Time since last request: 6.177004 seconds.
  path: Assets/Sprites
  artifactKey: Guid(9b8d962fb24a7d84d98f73145504faf4) Importer(815301076,1909f56bfc062723c751e8b465ee728b)
Start importing Assets/Sprites using Guid(9b8d962fb24a7d84d98f73145504faf4) Importer(815301076,1909f56bfc062723c751e8b465ee728b)  -> (artifact id: '85e5bce72976d3cfa4e741747563836a') in 0.005493 seconds 
  Import took 0.009971 seconds .

AssetImportWorkerClient::OnTransportError - code=2 error=End of file
